# JRE version: OpenJDK Runtime Environment AdoptOpenJDK (11.0.10+9) (build 11.0.10+9)
# Java VM: OpenJDK 64-Bit Server VM AdoptOpenJDK (11.0.10+9, mixed mode, tiered, compressed oops, g1 gc, windows-amd64)
Heap:
 garbage-first heap   total 576512K, used 316168K [0x0000000703000000, 0x0000000800000000)
  region size 1024K, 131 young (134144K), 3 survivors (3072K)
 Metaspace       used 78245K, capacity 82863K, committed 83024K, reserved 1122304K
  class space    used 9065K, capacity 11164K, committed 11264K, reserved 1048576K
GC Heap History (20 events):
Event: 29.424 GC heap before
{Heap before GC invocations=40 (full 0):
 garbage-first heap   total 521216K, used 425375K [0x0000000703000000, 0x0000000800000000)
  region size 1024K, 198 young (202752K), 12 survivors (12288K)
 Metaspace       used 76550K, capacity 81224K, committed 81488K, reserved 1120256K
  class space    used 8882K, capacity 10942K, committed 11008K, reserved 1048576K
}
Event: 29.433 GC heap after
{Heap after GC invocations=41 (full 0):
 garbage-first heap   total 521216K, used 234777K [0x0000000703000000, 0x0000000800000000)
  region size 1024K, 12 young (12288K), 12 survivors (12288K)
 Metaspace       used 76550K, capacity 81224K, committed 81488K, reserved 1120256K
  class space    used 8882K, capacity 10942K, committed 11008K, reserved 1048576K
}
Event: 46.477 GC heap before
{Heap before GC invocations=41 (full 0):
 garbage-first heap   total 521216K, used 425241K [0x0000000703000000, 0x0000000800000000)
  region size 1024K, 198 young (202752K), 12 survivors (12288K)
 Metaspace       used 76612K, capacity 81288K, committed 81488K, reserved 1120256K
  class space    used 8882K, capacity 10942K, committed 11008K, reserved 1048576K
}
Event: 46.485 GC heap after
{Heap after GC invocations=42 (full 0):
 garbage-first heap   total 521216K, used 231734K [0x0000000703000000, 0x0000000800000000)
  region size 1024K, 12 young (12288K), 12 survivors (12288K)
 Metaspace       used 76612K, capacity 81288K, committed 81488K, reserved 1120256K
  class space    used 8882K, capacity 10942K, committed 11008K, reserved 1048576K
}
Event: 1188.641 GC heap before
{Heap before GC invocations=42 (full 0):
 garbage-first heap   total 521216K, used 430390K [0x0000000703000000, 0x0000000800000000)
  region size 1024K, 206 young (210944K), 12 survivors (12288K)
 Metaspace       used 76778K, capacity 81477K, committed 81744K, reserved 1120256K
  class space    used 8906K, capacity 10986K, committed 11008K, reserved 1048576K
}
Event: 1188.648 GC heap after
{Heap after GC invocations=43 (full 0):
 garbage-first heap   total 521216K, used 231936K [0x0000000703000000, 0x0000000800000000)
  region size 1024K, 12 young (12288K), 12 survivors (12288K)
 Metaspace       used 76778K, capacity 81477K, committed 81744K, reserved 1120256K
  class space    used 8906K, capacity 10986K, committed 11008K, reserved 1048576K
}
Event: 1191.621 GC heap before
{Heap before GC invocations=43 (full 0):
 garbage-first heap   total 521216K, used 436736K [0x0000000703000000, 0x0000000800000000)
  region size 1024K, 202 young (206848K), 12 survivors (12288K)
 Metaspace       used 76862K, capacity 81605K, committed 81744K, reserved 1120256K
  class space    used 8906K, capacity 10986K, committed 11008K, reserved 1048576K
}
Event: 1191.638 GC heap after
{Heap after GC invocations=44 (full 0):
 garbage-first heap   total 521216K, used 242732K [0x0000000703000000, 0x0000000800000000)
  region size 1024K, 12 young (12288K), 12 survivors (12288K)
 Metaspace       used 76862K, capacity 81605K, committed 81744K, reserved 1120256K
  class space    used 8906K, capacity 10986K, committed 11008K, reserved 1048576K
}
Event: 1193.164 GC heap before
{Heap before GC invocations=45 (full 0):
 garbage-first heap   total 521216K, used 441388K [0x0000000703000000, 0x0000000800000000)
  region size 1024K, 208 young (212992K), 12 survivors (12288K)
 Metaspace       used 77037K, capacity 81834K, committed 82128K, reserved 1120256K
  class space    used 8926K, capacity 11019K, committed 11136K, reserved 1048576K
}
Event: 1193.171 GC heap after
{Heap after GC invocations=46 (full 0):
 garbage-first heap   total 521216K, used 240967K [0x0000000703000000, 0x0000000800000000)
  region size 1024K, 12 young (12288K), 12 survivors (12288K)
 Metaspace       used 77037K, capacity 81834K, committed 82128K, reserved 1120256K
  class space    used 8926K, capacity 11019K, committed 11136K, reserved 1048576K
}
Event: 1193.212 GC heap before
{Heap before GC invocations=46 (full 0):
 garbage-first heap   total 521216K, used 254279K [0x0000000703000000, 0x0000000800000000)
  region size 1024K, 25 young (25600K), 12 survivors (12288K)
 Metaspace       used 77038K, capacity 81834K, committed 82128K, reserved 1120256K
  class space    used 8926K, capacity 11019K, committed 11136K, reserved 1048576K
}
Event: 1193.223 GC heap after
{Heap after GC invocations=47 (full 0):
 garbage-first heap   total 521216K, used 185193K [0x0000000703000000, 0x0000000800000000)
  region size 1024K, 3 young (3072K), 3 survivors (3072K)
 Metaspace       used 77038K, capacity 81834K, committed 82128K, reserved 1120256K
  class space    used 8926K, capacity 11019K, committed 11136K, reserved 1048576K
}
Event: 1208.933 GC heap before
{Heap before GC invocations=47 (full 0):
 garbage-first heap   total 521216K, used 470889K [0x0000000703000000, 0x0000000800000000)
  region size 1024K, 238 young (243712K), 3 survivors (3072K)
 Metaspace       used 77343K, capacity 82186K, committed 82384K, reserved 1120256K
  class space    used 8947K, capacity 11051K, committed 11136K, reserved 1048576K
}
Event: 1208.935 GC heap after
{Heap after GC invocations=48 (full 0):
 garbage-first heap   total 521216K, used 229584K [0x0000000703000000, 0x0000000800000000)
  region size 1024K, 2 young (2048K), 2 survivors (2048K)
 Metaspace       used 77343K, capacity 82186K, committed 82384K, reserved 1120256K
  class space    used 8947K, capacity 11051K, committed 11136K, reserved 1048576K
}
Event: 1240.118 GC heap before
{Heap before GC invocations=48 (full 0):
 garbage-first heap   total 521216K, used 427216K [0x0000000703000000, 0x0000000800000000)
  region size 1024K, 190 young (194560K), 2 survivors (2048K)
 Metaspace       used 77947K, capacity 82703K, committed 82896K, reserved 1122304K
  class space    used 9014K, capacity 11115K, committed 11136K, reserved 1048576K
}
Event: 1240.121 GC heap after
{Heap after GC invocations=49 (full 0):
 garbage-first heap   total 521216K, used 184536K [0x0000000703000000, 0x0000000800000000)
  region size 1024K, 2 young (2048K), 2 survivors (2048K)
 Metaspace       used 77947K, capacity 82703K, committed 82896K, reserved 1122304K
  class space    used 9014K, capacity 11115K, committed 11136K, reserved 1048576K
}
Event: 1240.445 GC heap before
{Heap before GC invocations=50 (full 0):
 garbage-first heap   total 574464K, used 573656K [0x0000000703000000, 0x0000000800000000)
  region size 1024K, 4 young (4096K), 2 survivors (2048K)
 Metaspace       used 77735K, capacity 82343K, committed 82896K, reserved 1122304K
  class space    used 8999K, capacity 11095K, committed 11136K, reserved 1048576K
}
Event: 1240.448 GC heap after
{Heap after GC invocations=51 (full 0):
 garbage-first heap   total 576512K, used 184393K [0x0000000703000000, 0x0000000800000000)
  region size 1024K, 2 young (2048K), 2 survivors (2048K)
 Metaspace       used 77735K, capacity 82343K, committed 82896K, reserved 1122304K
  class space    used 8999K, capacity 11095K, committed 11136K, reserved 1048576K
}
Event: 1252.116 GC heap before
{Heap before GC invocations=51 (full 0):
 garbage-first heap   total 576512K, used 211017K [0x0000000703000000, 0x0000000800000000)
  region size 1024K, 28 young (28672K), 2 survivors (2048K)
 Metaspace       used 77777K, capacity 82407K, committed 82896K, reserved 1122304K
  class space    used 9000K, capacity 11095K, committed 11136K, reserved 1048576K
}
Event: 1252.120 GC heap after
{Heap after GC invocations=52 (full 0):
 garbage-first heap   total 576512K, used 185096K [0x0000000703000000, 0x0000000800000000)
  region size 1024K, 3 young (3072K), 3 survivors (3072K)
 Metaspace       used 77777K, capacity 82407K, committed 82896K, reserved 1122304K
  class space    used 9000K, capacity 11095K, committed 11136K, reserved 1048576K
}

